TN:
SF:config\db.js
FNF:0
FNH:0
DA:1,1
DA:2,1
DA:3,1
DA:4,1
DA:5,1
DA:6,1
DA:7,1
DA:8,1
DA:9,1
DA:10,1
DA:11,1
DA:12,1
DA:13,1
DA:14,1
DA:15,1
DA:16,1
DA:17,1
DA:18,1
LF:18
LH:18
BRF:0
BRH:0
end_of_record
TN:
SF:consts\mock-request.const.js
FN:1,mockRequest
FNF:1
FNH:1
FNDA:29,mockRequest
DA:1,1
DA:2,29
DA:3,29
DA:4,29
DA:5,29
DA:6,29
DA:7,29
DA:8,29
DA:9,29
DA:10,1
DA:11,1
LF:11
LH:11
BRDA:1,0,0,29
BRF:1
BRH:1
end_of_record
TN:
SF:consts\mock-response.const.js
FN:1,mockResponse
FNF:1
FNH:1
FNDA:29,mockResponse
DA:1,1
DA:2,29
DA:3,29
DA:4,29
DA:5,29
DA:6,29
DA:7,29
DA:8,1
DA:9,1
LF:9
LH:9
BRDA:1,0,0,29
BRF:1
BRH:1
end_of_record
TN:
SF:controllers\account.controller.js
FN:3,getAccounts
FN:31,getAccountById
FN:57,createAccount
FNF:3
FNH:3
FNDA:2,getAccounts
FNDA:3,getAccountById
FNDA:3,createAccount
DA:1,1
DA:2,1
DA:3,2
DA:4,2
DA:5,2
DA:6,0
DA:7,0
DA:8,0
DA:9,0
DA:10,0
DA:11,0
DA:12,0
DA:13,0
DA:14,0
DA:15,0
DA:16,0
DA:17,0
DA:18,0
DA:19,0
DA:20,0
DA:21,2
DA:22,2
DA:23,2
DA:24,2
DA:25,2
DA:26,2
DA:27,2
DA:28,2
DA:29,2
DA:30,1
DA:31,3
DA:32,3
DA:33,3
DA:34,3
DA:35,0
DA:36,0
DA:37,0
DA:38,0
DA:39,0
DA:40,0
DA:41,0
DA:42,0
DA:43,0
DA:44,0
DA:45,0
DA:46,0
DA:47,0
DA:48,3
DA:49,3
DA:50,3
DA:51,3
DA:52,3
DA:53,3
DA:54,3
DA:55,3
DA:56,1
DA:57,3
DA:58,3
DA:59,3
DA:60,3
DA:61,3
DA:62,3
DA:63,3
DA:64,3
DA:65,3
DA:66,3
DA:67,0
DA:68,0
DA:69,0
DA:70,0
DA:71,0
DA:72,0
DA:73,0
DA:74,0
DA:75,3
DA:76,0
DA:77,0
DA:78,0
DA:79,0
DA:80,0
DA:81,0
DA:82,3
DA:83,1
DA:84,1
DA:85,1
DA:86,1
DA:87,1
DA:88,1
DA:89,1
LF:89
LH:47
BRDA:3,0,0,2
BRDA:5,1,0,0
BRDA:31,2,0,3
BRDA:34,3,0,0
BRDA:57,4,0,3
BRDA:60,5,0,0
BRDA:60,6,0,0
BRDA:60,7,0,0
BRDA:60,8,0,0
BRDA:66,9,0,0
BRDA:75,10,0,0
BRF:11
BRH:3
end_of_record
TN:
SF:controllers\auth.controller.js
FN:5,login
FN:31,register
FNF:2
FNH:2
FNDA:3,login
FNDA:2,register
DA:1,1
DA:2,1
DA:3,1
DA:4,1
DA:5,3
DA:6,3
DA:7,3
DA:8,3
DA:9,3
DA:10,3
DA:11,3
DA:12,1
DA:13,1
DA:14,1
DA:15,1
DA:16,1
DA:17,2
DA:18,2
DA:19,3
DA:20,1
DA:21,1
DA:22,1
DA:23,1
DA:24,1
DA:25,1
DA:26,1
DA:27,1
DA:28,1
DA:29,1
DA:30,1
DA:31,2
DA:32,2
DA:33,2
DA:34,2
DA:35,1
DA:36,1
DA:37,1
DA:38,1
DA:39,1
DA:40,1
DA:41,1
DA:42,1
DA:43,1
DA:44,1
DA:45,0
DA:46,0
DA:47,0
DA:48,0
DA:49,0
DA:50,2
DA:51,1
DA:52,1
DA:53,1
DA:54,1
DA:55,1
DA:56,1
DA:57,2
DA:58,1
DA:59,1
DA:60,1
LF:60
LH:55
BRDA:5,0,0,3
BRDA:11,1,0,1
BRDA:16,2,0,2
BRDA:19,3,0,1
BRDA:31,4,0,2
BRDA:34,5,0,1
BRDA:44,6,0,0
BRDA:50,7,0,1
BRF:8
BRH:7
end_of_record
TN:
SF:controllers\transaction.controller.js
FN:3,getTransactions
FN:20,getTransactionById
FN:55,createTransaction
FNF:3
FNH:3
FNDA:1,getTransactions
FNDA:3,getTransactionById
FNDA:4,createTransaction
DA:1,1
DA:2,1
DA:3,1
DA:4,1
DA:5,1
DA:6,0
DA:7,0
DA:8,0
DA:9,0
DA:10,0
DA:11,1
DA:12,1
DA:13,1
DA:14,1
DA:15,1
DA:16,1
DA:17,1
DA:18,1
DA:19,1
DA:20,3
DA:21,3
DA:22,3
DA:23,3
DA:24,3
DA:25,0
DA:26,0
DA:27,0
DA:28,0
DA:29,0
DA:30,3
DA:31,3
DA:32,0
DA:33,0
DA:34,0
DA:35,0
DA:36,0
DA:37,0
DA:38,0
DA:39,0
DA:40,0
DA:41,0
DA:42,0
DA:43,0
DA:44,0
DA:45,3
DA:46,3
DA:47,3
DA:48,3
DA:49,3
DA:50,3
DA:51,3
DA:52,3
DA:53,1
DA:54,1
DA:55,4
DA:56,4
DA:57,4
DA:58,4
DA:59,4
DA:60,4
DA:61,4
DA:62,4
DA:63,4
DA:64,4
DA:65,0
DA:66,0
DA:67,0
DA:68,0
DA:69,0
DA:70,0
DA:71,0
DA:72,0
DA:73,0
DA:74,0
DA:75,0
DA:76,0
DA:77,0
DA:78,0
DA:79,0
DA:80,0
DA:81,4
DA:82,1
DA:83,1
DA:84,1
DA:85,1
DA:86,1
DA:87,1
LF:87
LH:48
BRDA:3,0,0,1
BRDA:5,1,0,0
BRDA:20,2,0,3
BRDA:24,3,0,0
BRDA:31,4,0,0
BRDA:55,5,0,4
BRDA:59,6,0,0
BRDA:59,7,0,0
BRDA:64,8,0,0
BRF:9
BRH:3
end_of_record
TN:
SF:controllers\user.controller.js
FN:5,getUser
FN:23,getUserById
FN:48,createUser
FNF:3
FNH:3
FNDA:2,getUser
FNDA:3,getUserById
FNDA:2,createUser
DA:1,1
DA:2,1
DA:3,1
DA:4,1
DA:5,2
DA:6,2
DA:7,2
DA:8,1
DA:9,1
DA:10,1
DA:11,1
DA:12,1
DA:13,1
DA:14,1
DA:15,1
DA:16,1
DA:17,1
DA:18,1
DA:19,1
DA:20,2
DA:21,1
DA:22,1
DA:23,3
DA:24,3
DA:25,3
DA:26,3
DA:27,1
DA:28,1
DA:29,1
DA:30,1
DA:31,1
DA:32,1
DA:33,1
DA:34,1
DA:35,1
DA:36,1
DA:37,1
DA:38,3
DA:39,1
DA:40,1
DA:41,1
DA:42,1
DA:43,1
DA:44,1
DA:45,3
DA:46,1
DA:47,1
DA:48,2
DA:49,2
DA:50,2
DA:51,2
DA:52,2
DA:53,2
DA:54,0
DA:55,0
DA:56,0
DA:57,0
DA:58,0
DA:59,2
DA:60,2
DA:61,2
DA:62,2
DA:63,0
DA:64,0
DA:65,0
DA:66,0
DA:67,0
DA:68,2
DA:69,2
DA:70,2
DA:71,2
DA:72,2
DA:73,1
DA:74,1
DA:75,1
DA:76,1
DA:77,1
DA:78,1
DA:79,1
DA:80,1
DA:81,1
DA:82,1
DA:83,1
DA:84,1
DA:85,2
DA:86,1
DA:87,1
DA:88,1
DA:89,1
DA:90,1
DA:91,1
LF:91
LH:81
BRDA:5,0,0,2
BRDA:7,1,0,1
BRDA:23,2,0,3
BRDA:25,3,0,2
BRDA:26,4,0,1
BRDA:38,5,0,1
BRDA:48,6,0,2
BRDA:53,7,0,0
BRDA:62,8,0,0
BRDA:72,9,0,1
BRF:10
BRH:8
end_of_record
TN:
SF:models\account.model.js
FN:3,getAccount
FN:7,getAccountById
FN:13,createAccount
FNF:3
FNH:1
FNDA:0,getAccount
FNDA:3,getAccountById
FNDA:0,createAccount
DA:1,1
DA:2,1
DA:3,0
DA:4,0
DA:5,1
DA:6,1
DA:7,3
DA:8,3
DA:9,3
DA:10,3
DA:11,1
DA:12,1
DA:13,0
DA:14,0
DA:15,0
DA:16,0
DA:17,0
DA:18,0
DA:19,0
DA:20,0
DA:21,0
DA:22,0
DA:23,1
DA:24,1
DA:25,1
DA:26,1
DA:27,1
DA:28,1
DA:29,1
LF:29
LH:17
BRDA:7,0,0,3
BRF:1
BRH:1
end_of_record
TN:
SF:models\user.model.js
FN:4,getUser
FN:18,getUserById
FN:33,createUser
FNF:3
FNH:3
FNDA:2,getUser
FNDA:3,getUserById
FNDA:2,createUser
DA:1,1
DA:2,1
DA:3,1
DA:4,1
DA:5,2
DA:6,2
DA:7,2
DA:8,2
DA:9,2
DA:10,2
DA:11,2
DA:12,1
DA:13,1
DA:14,1
DA:15,1
DA:16,1
DA:17,1
DA:18,1
DA:19,3
DA:20,3
DA:21,3
DA:22,3
DA:23,3
DA:24,3
DA:25,3
DA:26,3
DA:27,2
DA:28,3
DA:29,1
DA:30,1
DA:31,1
DA:32,1
DA:33,1
DA:34,2
DA:35,2
DA:36,2
DA:37,2
DA:38,2
DA:39,2
DA:40,2
DA:41,2
DA:42,1
DA:43,1
DA:44,1
DA:45,1
DA:46,2
DA:47,1
DA:48,1
DA:49,1
LF:49
LH:49
BRDA:4,0,0,2
BRDA:11,1,0,1
BRDA:18,2,0,3
BRDA:26,3,0,2
BRDA:28,4,0,1
BRDA:33,5,0,2
BRDA:41,6,0,1
BRF:7
BRH:7
end_of_record
